Generation;Generation max fitness;Generation min fitness;Generation average fitness;Global max fitness
10;6342;6187;6306.733333333334;6316
20;6367;6340;6365.766666666666;6367
30;6375;6283;6371.633333333333;6375
40;6396;6359;6393.9;6396
50;6415;6269;6404.533333333334;6415
60;6457;6396;6449.666666666667;6457
70;6482;6338;6471.2;6482
80;6492;6349;6473.033333333334;6492
90;6506;6390;6491.233333333334;6506
100;6532;6483;6525.9;6532
110;6569;6397;6562.533333333334;6569
120;6575;6411;6554.166666666667;6575
130;6575;6380;6542.366666666667;6575
140;6609;6449;6590.2;6609
150;6622;6542;6611.766666666666;6622
160;6625;6607;6623.8;6625
170;6635;6605;6631.666666666667;6634
180;6708;6649;6684.933333333333;6708
190;6729;6692;6726.666666666667;6729
200;6790;6775;6789.166666666667;6790
210;6818;6750;6815.533333333334;6818
220;6825;6716;6818.966666666666;6825
230;6836;6825;6835.366666666667;6836
240;6842;6775;6835.766666666666;6842
250;6842;6784;6836.833333333333;6842
260;6848;6367;6810.033333333334;6846
270;6897;6811;6886.366666666667;6897
280;6906;6901;6901.166666666667;6901
290;6952;6755;6939.466666666666;6952
300;6991;6889;6966.933333333333;6976
310;7025;6989;7022.233333333334;7025
320;7031;6962;7022.066666666667;7027
330;7041;6941;7031.433333333333;7041
340;7041;7007;7038.633333333333;7041
350;7072;7023;7046.866666666667;7052
360;7082;6987;7069.866666666667;7082
370;7082;6679;7021.3;7082
380;7086;6724;7057.5;7086
390;7093;7092;7092.033333333334;7092
400;7093;7027;7090.666666666667;7093
410;7094;6994;7087.366666666667;7094
420;7094;6991;7075.1;7094
430;7101;6838;7072.5;7101
440;7112;6946;7088.433333333333;7106
450;7130;7034;7124.8;7130
460;7130;7056;7126.266666666666;7130
470;7142;7026;7127.2;7133
480;7149;7041;7141.2;7149
490;7154;7090;7149.3;7154
500;7172;7145;7170.633333333333;7172
510;7186;7067;7175.466666666666;7186
520;7213;7137;7206.466666666666;7213
530;7221;7140;7215.733333333334;7221
540;7229;7121;7216.766666666666;7229
550;7240;7185;7238.166666666667;7240
560;7272;7229;7254.233333333334;7264
570;7274;7250;7272.8;7274
580;7314;7159;7293.766666666666;7314
590;7314;7169;7302.9;7314
600;7314;7070;7281.9;7314
610;7314;7214;7307.333333333333;7314
620;7323;7105;7303.433333333333;7317
630;7323;7112;7315.966666666666;7323
640;7324;7138;7313.9;7324
650;7380;7089;7348.666666666667;7380
660;7387;7160;7376.433333333333;7387
670;7433;7322;7420.8;7433
680;7444;7354;7435.866666666667;7444
690;7444;7258;7425.466666666666;7444
700;7446;7376;7443.133333333333;7446
710;7446;7399;7443.633333333333;7446
720;7446;7432;7445.533333333334;7446
730;7447;7374;7440.966666666666;7447
740;7453;7366;7436.1;7447
750;7478;7397;7459.0;7465
760;7482;7230;7456.233333333334;7482
770;7482;7359;7470.866666666667;7482
780;7486;7124;7409.933333333333;7486
790;7493;7410;7483.933333333333;7493
800;7497;7457;7492.6;7496
810;7498;7085;7475.666666666667;7498
820;7503;7357;7496.433333333333;7503
830;7503;7381;7496.833333333333;7503
840;7504;7194;7479.933333333333;7504
850;7552;7494;7509.933333333333;7509
860;7556;7434;7548.033333333334;7556
870;7556;7511;7550.733333333334;7556
880;7559;7505;7550.2;7559
890;7559;7435;7543.966666666666;7559
900;7576;7352;7551.133333333333;7576
910;7576;7494;7567.633333333333;7576
920;7576;7247;7552.8;7576
930;7576;7465;7555.533333333334;7576
940;7576;7230;7525.766666666666;7576
950;7597;7325;7574.866666666667;7597
960;7601;7569;7598.8;7601
970;7601;7518;7597.433333333333;7601
980;7601;7550;7595.7;7601
990;7618;7517;7607.533333333334;7618
1000;7622;7594;7619.966666666666;7622
1010;7622;7513;7613.233333333334;7622
1020;7622;7583;7618.033333333334;7622
1030;7622;7518;7614.066666666667;7622
1040;7622;7516;7616.433333333333;7622
1050;7641;7508;7617.4;7641
1060;7647;7613;7642.866666666667;7647
1070;7647;7426;7614.566666666667;7647
1080;7658;7571;7650.033333333334;7658
1090;7658;7561;7654.266666666666;7658
1100;7661;7367;7640.0;7661
1110;7662;7661;7661.5;7662
1120;7663;7521;7653.266666666666;7663
1130;7677;7513;7659.5;7677
1140;7683;7584;7679.5;7683
1150;7683;7570;7669.5;7683
1160;7685;7539;7675.433333333333;7685
1170;7704;7567;7693.333333333333;7704
1180;7704;7514;7672.966666666666;7704
1190;7704;7502;7681.6;7704
1200;7706;7542;7694.333333333333;7706
1210;7706;7635;7699.133333333333;7706
1220;7709;7686;7708.233333333334;7709
1230;7709;7695;7708.3;7709
1240;7709;7613;7684.6;7709
1250;7710;7560;7698.533333333334;7710
1260;7726;7654;7721.866666666667;7726
1270;7726;7716;7725.233333333334;7726
1280;7726;7674;7720.766666666666;7726
1290;7727;7600;7712.2;7727
1300;7783;7710;7775.9;7778
1310;7783;7455;7761.733333333334;7783
1320;7783;7654;7773.733333333334;7783
1330;7797;7697;7793.666666666667;7797
1340;7798;7583;7785.033333333334;7798
1350;7798;7609;7783.966666666666;7798
1360;7798;7692;7791.966666666666;7798
1370;7802;7615;7779.9;7798
1380;7806;7700;7800.666666666667;7806
1390;7806;7773;7803.9;7806
1400;7806;7745;7801.133333333333;7806
1410;7826;7747;7822.766666666666;7826
1420;7836;7732;7830.966666666666;7836
1430;7837;7831;7836.8;7837
1440;7837;7758;7830.8;7837
1450;7868;7815;7857.266666666666;7868
1460;7871;7760;7849.133333333333;7871
1470;7880;7607;7838.366666666667;7880
1480;7880;7737;7865.866666666667;7880
1490;7900;7863;7897.233333333334;7900
1500;7900;7781;7880.2;7900
1510;7909;7807;7901.766666666666;7909
1520;7911;7826;7906.466666666666;7911
1530;7911;7702;7886.266666666666;7911
1540;7911;7834;7902.0;7911
1550;7911;7784;7894.533333333334;7911
1560;7916;7680;7883.433333333333;7916
1570;7938;7848;7933.166666666667;7938
1580;7942;7857;7932.2;7942
1590;7947;7822;7931.933333333333;7947
1600;7953;7824;7938.7;7953
1610;7972;7914;7969.333333333333;7972
1620;7972;7881;7968.833333333333;7972
1630;7972;7798;7962.8;7972
1640;7972;7884;7966.333333333333;7972
1650;7972;7914;7970.066666666667;7972
1660;7972;7891;7964.3;7972
1670;7980;7775;7955.3;7980
1680;7980;7876;7973.2;7980
1690;8016;7853;7980.566666666667;8016
1700;8016;7853;8009.966666666666;8016
1710;8016;7908;8008.033333333334;8016
1720;8018;7893;8012.033333333334;8018
1730;8018;7853;8004.5;8018
1740;8020;7960;8014.333333333333;8020
1750;8037;7888;8017.1;8033
1760;8040;7954;8033.433333333333;8040
1770;8040;7795;7998.4;8040
1780;8040;7886;8027.233333333334;8040
1790;8040;7856;8008.966666666666;8040
1800;8040;7827;8014.3;8040
1810;8040;7930;8025.7;8040
1820;8041;7980;8038.266666666666;8041
1830;8048;7998;8045.3;8048
1840;8048;7835;8022.866666666667;8048
1850;8085;7948;8070.1;8085
1860;8085;8031;8082.2;8085
1870;8099;8043;8092.9;8097
1880;8104;8099;8101.5;8104
1890;8104;8022;8099.233333333334;8104
1900;8104;8025;8101.366666666667;8104
1910;8104;8042;8098.4;8104
1920;8104;8063;8094.0;8104
1930;8104;7897;8088.966666666666;8104
1940;8104;7964;8093.133333333333;8104
1950;8111;7841;8083.666666666667;8111
1960;8111;7855;8065.533333333334;8111
1970;8111;7922;8093.9;8111
1980;8111;8060;8107.0;8111
1990;8113;7999;8105.5;8113
2000;8113;8113;8113.0;8113
2010;8120;7594;8077.266666666666;8120
2020;8120;8078;8116.666666666667;8120
2030;8121;7996;8113.733333333334;8121
2040;8125;7618;8086.933333333333;8125
2050;8125;7929;8108.2;8125
2060;8125;8074;8119.0;8125
2070;8129;7984;8118.866666666667;8129
2080;8129;8008;8109.033333333334;8129
2090;8129;7942;8109.766666666666;8129
2100;8129;8036;8118.2;8129
2110;8129;7980;8110.166666666667;8129
2120;8133;7874;8099.0;8133
2130;8134;7996;8121.066666666667;8134
2140;8136;7753;8099.833333333333;8134
2150;8144;7881;8106.866666666667;8142
2160;8145;8076;8141.266666666666;8145
2170;8145;8086;8140.3;8145
2180;8145;8034;8130.533333333334;8145
2190;8145;8047;8126.133333333333;8145
2200;8145;8024;8130.3;8145
2210;8145;7985;8127.266666666666;8145
2220;8145;8033;8137.133333333333;8145
2230;8146;7897;8125.3;8146
2240;8151;8034;8138.833333333333;8151
2250;8154;8058;8142.833333333333;8154
2260;8160;8073;8152.266666666666;8160
2270;8178;8098;8171.833333333333;8178
2280;8183;8039;8170.0;8183
2290;8187;8016;8170.2;8187
2300;8187;8127;8185.0;8187
2310;8188;7984;8177.2;8188
2320;8190;8090;8183.0;8190
2330;8190;8154;8187.666666666667;8190
2340;8191;8077;8183.666666666667;8190
2350;8194;8116;8190.266666666666;8194
2360;8194;8136;8188.6;8194
2370;8197;8092;8192.666666666666;8197
2380;8198;8067;8193.633333333333;8198
2390;8207;8112;8190.633333333333;8207
2400;8221;8126;8213.5;8221
2410;8221;8165;8217.4;8221
2420;8223;8014;8210.466666666667;8223
2430;8227;8065;8216.433333333332;8227
2440;8227;8076;8220.433333333332;8227
2450;8229;8078;8219.633333333333;8229
2460;8234;8105;8226.9;8234
2470;8237;7958;8212.633333333333;8237
2480;8237;8147;8227.2;8237
2490;8237;8184;8234.766666666666;8237
2500;8237;8064;8225.3;8237
2510;8249;8243;8246.966666666667;8249
2520;8249;8193;8244.5;8249
2530;8249;8067;8237.8;8249
2540;8249;8052;8239.633333333333;8249
2550;8268;8204;8265.166666666666;8268
2560;8272;8088;8258.166666666666;8272
2570;8288;8142;8272.0;8288
2580;8289;8157;8275.366666666667;8289
2590;8289;8090;8277.2;8289
2600;8292;8213;8288.9;8292
2610;8292;8158;8282.966666666667;8292
2620;8292;8147;8277.166666666666;8292
2630;8292;8186;8282.233333333334;8292
2640;8292;8119;8277.966666666667;8292
2650;8292;8253;8287.366666666667;8292
2660;8292;8118;8270.133333333333;8292
2670;8292;7962;8274.7;8292
2680;8292;8171;8276.633333333333;8292
2690;8292;8137;8275.366666666667;8292
2700;8292;8174;8277.866666666667;8292
2710;8292;7936;8257.8;8292
2720;8292;8165;8284.2;8292
2730;8294;8213;8287.533333333333;8294
2740;8299;8299;8299.0;8299
2750;8299;8099;8283.2;8299
2760;8299;8154;8284.266666666666;8299
2770;8299;8194;8290.533333333333;8299
2780;8299;8230;8286.233333333334;8299
2790;8299;8204;8293.866666666667;8299
2800;8299;8151;8286.766666666666;8299
2810;8299;8156;8286.2;8299
2820;8299;8150;8281.0;8299
2830;8299;8207;8282.6;8299
2840;8300;8225;8293.866666666667;8300
2850;8300;8187;8280.066666666668;8300
2860;8300;8013;8281.966666666667;8300
2870;8300;8175;8287.766666666666;8300
2880;8306;8151;8290.8;8306
2890;8308;8194;8293.133333333333;8306
2900;8308;8181;8300.166666666666;8308
2910;8312;8184;8297.666666666666;8308
2920;8324;8125;8316.633333333333;8324
2930;8329;8215;8322.9;8329
2940;8330;8274;8327.2;8329
2950;8332;8174;8315.633333333333;8332
2960;8333;8331;8332.933333333332;8333
2970;8333;8196;8315.366666666667;8333
2980;8333;8238;8328.966666666667;8333
2990;8337;8222;8326.2;8333
3000;8337;8210;8328.533333333333;8337
3010;8337;8185;8322.766666666666;8337
3020;8337;8279;8330.066666666668;8337
3030;8337;8214;8326.033333333333;8337
3040;8337;8235;8328.266666666666;8337
3050;8337;8126;8318.366666666667;8337
3060;8339;8261;8334.666666666666;8339
3070;8339;8262;8330.2;8339
3080;8339;8274;8335.933333333332;8339
3090;8344;8135;8331.166666666666;8339
3100;8344;8277;8338.333333333334;8344
3110;8345;8146;8306.366666666667;8345
3120;8345;8258;8340.866666666667;8345
3130;8345;8151;8328.033333333333;8345
3140;8349;8237;8337.366666666667;8349
3150;8356;8171;8343.533333333333;8356
3160;8356;8255;8347.933333333332;8356
3170;8356;8057;8314.2;8356
3180;8357;8120;8313.466666666667;8357
3190;8357;8340;8356.333333333334;8357
3200;8357;8302;8354.833333333334;8357
3210;8357;8085;8332.0;8357
3220;8357;8193;8326.766666666666;8357
3230;8357;8208;8341.3;8357
3240;8357;8223;8342.966666666667;8357
3250;8360;8273;8347.266666666666;8360
3260;8360;8304;8354.7;8360
3270;8360;8256;8353.466666666667;8360
3280;8377;8232;8370.333333333334;8377
3290;8377;8208;8357.333333333334;8377
3300;8377;8259;8368.066666666668;8377
3310;8382;8350;8380.933333333332;8382
3320;8382;8382;8382.0;8382
3330;8382;8374;8381.566666666668;8382
3340;8393;8344;8385.8;8393
3350;8393;8207;8381.5;8393
3360;8393;7877;8317.733333333334;8393
3370;8393;7980;8341.333333333334;8393
3380;8393;8302;8387.633333333333;8393
3390;8397;8310;8389.633333333333;8397
3400;8405;7844;8325.033333333333;8405
3410;8405;8036;8327.9;8405
3420;8405;7859;8320.466666666667;8405
3430;8405;8293;8393.766666666666;8405
3440;8405;8218;8383.266666666666;8405
3450;8405;8183;8390.466666666667;8405
3460;8405;8186;8385.533333333333;8405
3470;8405;8269;8393.433333333332;8405
3480;8405;8294;8398.566666666668;8405
3490;8405;8405;8405.0;8405
3500;8405;8187;8396.733333333334;8405
3510;8408;8303;8399.0;8408
3520;8408;8277;8390.766666666666;8408
3530;8408;8333;8403.8;8408
3540;8408;8241;8396.1;8408
3550;8408;8270;8395.833333333334;8408
3560;8408;8359;8404.466666666667;8408
3570;8414;8277;8406.266666666666;8414
3580;8414;8251;8402.2;8414
3590;8414;8262;8403.466666666667;8414
3600;8417;8264;8402.6;8416
3610;8420;8225;8409.166666666666;8420
3620;8423;8300;8413.366666666667;8423
3630;8426;8311;8414.333333333334;8426
3640;8426;8275;8412.933333333332;8426
3650;8427;8332;8423.2;8427
3660;8427;8384;8423.866666666667;8427
3670;8427;8398;8424.133333333333;8427
3680;8427;8329;8423.233333333334;8427
3690;8427;8298;8421.3;8427
3700;8429;8242;8407.9;8429
3710;8432;8432;8432.0;8432
3720;8432;8432;8432.0;8432
3730;8433;8418;8432.5;8433
3740;8433;8287;8417.0;8433
3750;8433;8347;8424.133333333333;8433
3760;8433;8300;8410.433333333332;8433
3770;8433;8360;8426.666666666666;8433
3780;8433;8296;8422.933333333332;8433
3790;8433;8384;8425.9;8433
3800;8433;8313;8422.633333333333;8433
3810;8433;8295;8412.0;8433
3820;8434;8193;8419.833333333334;8434
3830;8435;8286;8422.233333333334;8434
3840;8435;8435;8435.0;8435
3850;8435;8220;8417.3;8435
3860;8435;8321;8424.466666666667;8435
3870;8439;8252;8418.3;8435
3880;8439;8357;8435.1;8439
3890;8439;8160;8411.733333333334;8439
3900;8439;8349;8434.566666666668;8439
3910;8442;8311;8429.666666666666;8442
3920;8442;8353;8434.9;8442
3930;8442;8156;8401.566666666668;8442
3940;8442;8230;8416.633333333333;8442
3950;8451;8275;8431.133333333333;8451
3960;8451;8428;8450.233333333334;8451
3970;8452;8351;8445.433333333332;8452
3980;8458;8453;8457.833333333334;8458
3990;8458;8420;8453.8;8458
4000;8458;8264;8438.133333333333;8458
4010;8458;8322;8450.966666666667;8458
4020;8458;8441;8457.433333333332;8458
4030;8458;8334;8448.666666666666;8458
4040;8458;8297;8449.166666666666;8458
4050;8458;8427;8456.0;8458
4060;8479;8475;8478.866666666667;8479
4070;8479;8445;8477.466666666667;8479
4080;8479;8479;8479.0;8479
4090;8479;8375;8463.966666666667;8479
4100;8479;8430;8475.266666666666;8479
4110;8479;8366;8475.233333333334;8479
4120;8480;8382;8468.466666666667;8480
4130;8480;8329;8459.9;8480
4140;8485;8351;8465.733333333334;8485
4150;8485;8190;8451.433333333332;8485
4160;8485;8303;8460.366666666667;8485
4170;8485;8343;8470.333333333334;8485
4180;8485;8348;8477.1;8485
4190;8485;8332;8457.6;8485
4200;8485;8293;8463.366666666667;8485
4210;8485;8250;8426.366666666667;8485
4220;8485;8078;8429.7;8485
4230;8496;8442;8489.9;8496
4240;8496;8161;8447.066666666668;8496
4250;8496;8333;8470.033333333333;8496
4260;8496;8294;8455.866666666667;8496
4270;8496;8452;8493.8;8496
4280;8496;8105;8463.766666666666;8496
4290;8496;8298;8462.7;8496
4300;8496;8414;8488.933333333332;8496
4310;8496;8486;8495.533333333333;8496
4320;8496;8476;8495.166666666666;8496
4330;8496;8348;8478.966666666667;8496
4340;8500;8460;8496.9;8500
4350;8500;8379;8491.233333333334;8500
4360;8500;8320;8491.1;8500
4370;8500;8436;8491.5;8500
4380;8508;8369;8485.966666666667;8508
4390;8508;8311;8491.666666666666;8508
4400;8509;8341;8499.033333333333;8509
4410;8521;8419;8512.4;8521
4420;8532;8435;8524.9;8532
4430;8533;8469;8530.333333333334;8533
4440;8533;8438;8520.6;8533
4450;8533;8451;8525.033333333333;8533
4460;8533;8394;8520.3;8533
4470;8534;8534;8534.0;8534
4480;8534;8415;8529.433333333332;8534
4490;8534;8446;8526.833333333334;8534
4500;8534;8148;8494.666666666666;8534
4510;8534;8398;8507.666666666666;8534
4520;8534;8382;8509.2;8534
4530;8534;8410;8519.333333333334;8534
4540;8534;8408;8529.466666666667;8534
4550;8534;8326;8527.033333333333;8534
4560;8534;8436;8526.566666666668;8534
4570;8538;8447;8530.866666666667;8538
4580;8556;8483;8543.633333333333;8556
4590;8556;8492;8548.2;8556
4600;8561;8496;8552.6;8556
4610;8561;8471;8557.133333333333;8561
4620;8561;8466;8557.233333333334;8561
4630;8561;8443;8551.033333333333;8561
4640;8561;8455;8557.466666666667;8561
4650;8561;8446;8552.4;8561
4660;8561;8478;8549.4;8561
4670;8565;8469;8554.0;8565
4680;8568;8464;8558.666666666666;8568
4690;8569;8372;8554.733333333334;8568
4700;8571;8429;8560.766666666666;8571
4710;8571;8496;8565.033333333333;8571
4720;8571;8492;8565.2;8571
4730;8571;8542;8569.3;8571
4740;8571;8404;8560.433333333332;8571
4750;8571;8432;8549.066666666668;8571
4760;8571;8424;8539.066666666668;8571
4770;8571;8400;8547.0;8571
4780;8571;8502;8566.0;8571
4790;8571;8518;8567.633333333333;8571
4800;8571;8489;8562.633333333333;8571
4810;8571;8540;8569.966666666667;8571
4820;8594;8457;8583.7;8594
4830;8594;8375;8567.766666666666;8594
4840;8594;8459;8576.766666666666;8594
4850;8594;8556;8592.4;8594
4860;8594;8533;8590.8;8594
4870;8594;8508;8589.0;8594
4880;8594;8449;8579.033333333333;8594
4890;8594;8511;8586.633333333333;8594
4900;8595;8474;8590.266666666666;8595
4910;8595;8469;8586.0;8595
4920;8595;8489;8590.133333333333;8595
4930;8595;8480;8579.933333333332;8595
4940;8595;8497;8588.766666666666;8595
4950;8595;8395;8570.5;8595
4960;8595;8429;8568.0;8595
4970;8601;8488;8591.966666666667;8601
4980;8601;8455;8583.7;8601
4990;8601;8601;8601.0;8601
5000;8606;8556;8603.333333333334;8606
5010;8606;8580;8603.866666666667;8606
5020;8606;8468;8585.966666666667;8606
5030;8606;8439;8597.233333333334;8606
5040;8607;8456;8592.566666666668;8607
5050;8607;8508;8596.333333333334;8607
5060;8607;8507;8588.866666666667;8607
5070;8607;8530;8600.233333333334;8607
5080;8607;8370;8580.3;8607
5090;8607;8225;8562.866666666667;8607
5100;8607;8448;8593.033333333333;8607
5110;8607;8360;8577.533333333333;8607
5120;8612;8433;8589.866666666667;8612
5130;8624;8434;8608.833333333334;8624
5140;8624;8511;8613.1;8624
5150;8624;8516;8620.4;8624
5160;8624;8488;8602.2;8624
5170;8624;8493;8606.4;8624
5180;8624;8492;8611.5;8624
5190;8624;8422;8591.566666666668;8624
5200;8624;8184;8552.0;8624
5210;8624;8165;8571.333333333334;8624
5220;8624;8515;8609.433333333332;8624
5230;8624;7885;8541.066666666668;8624
5240;8624;8429;8607.4;8624
5250;8624;8567;8616.0;8624
5260;8624;8553;8616.633333333333;8624
5270;8624;8520;8616.366666666667;8624
5280;8624;8558;8615.833333333334;8624
5290;8674;8611;8648.4;8674
5300;8679;8624;8672.333333333334;8679
5310;8679;8580;8667.433333333332;8679
5320;8679;8568;8667.733333333334;8679
5330;8679;8459;8669.966666666667;8679
5340;8680;8503;8662.166666666666;8679
5350;8680;8565;8668.166666666666;8680
5360;8680;8642;8677.533333333333;8680
5370;8680;8561;8668.733333333334;8680
5380;8680;8664;8679.033333333333;8680
5390;8680;8547;8675.366666666667;8680
5400;8681;8636;8678.4;8681
5410;8681;8648;8678.6;8681
5420;8681;8586;8671.6;8681
5430;8681;8645;8676.533333333333;8681
5440;8683;8612;8679.233333333334;8683
5450;8690;8534;8673.166666666666;8690
5460;8694;8562;8682.0;8694
5470;8694;8545;8687.0;8694
5480;8695;8547;8671.466666666667;8695
5490;8695;8647;8689.7;8695
5500;8695;8177;8647.966666666667;8695
5510;8697;8163;8600.566666666668;8697
5520;8699;7842;8614.4;8699
5530;8699;8584;8690.166666666666;8699
5540;8699;8581;8682.233333333334;8699
5550;8700;8608;8696.933333333332;8700
5560;8700;8677;8699.233333333334;8700
5570;8701;8565;8692.066666666668;8701
5580;8701;8534;8688.766666666666;8701
5590;8701;8476;8660.433333333332;8701
5600;8701;8282;8607.066666666668;8701
5610;8701;8065;8621.066666666668;8701
5620;8701;8446;8654.8;8701
5630;8701;8357;8674.766666666666;8701
5640;8704;8359;8645.433333333332;8704
5650;8714;8498;8687.133333333333;8711
5660;8714;8637;8711.433333333332;8714
5670;8714;8653;8709.866666666667;8714
5680;8714;8539;8702.6;8714
5690;8714;8632;8710.433333333332;8714
5700;8714;8552;8699.0;8714
5710;8739;8656;8732.333333333334;8739
5720;8739;8583;8722.533333333333;8739
5730;8739;8622;8732.233333333334;8739
5740;8739;8541;8728.5;8739
5750;8739;8673;8730.566666666668;8739
5760;8739;8402;8714.466666666667;8739
5770;8739;8699;8736.933333333332;8739
5780;8739;8590;8712.8;8739
5790;8747;8735;8746.6;8747
5800;8747;8596;8736.2;8747
5810;8747;8684;8743.4;8747
5820;8750;8590;8736.233333333334;8749
5830;8750;8594;8735.433333333332;8750
5840;8750;8658;8745.066666666668;8750
5850;8750;8572;8727.166666666666;8750
5860;8750;8532;8709.866666666667;8750
5870;8750;8249;8701.8;8750
5880;8750;8614;8743.5;8750
5890;8752;8542;8741.433333333332;8752
5900;8752;8621;8746.5;8752
5910;8752;8664;8749.066666666668;8752
5920;8763;8717;8761.166666666666;8763
5930;8763;8590;8747.166666666666;8763
5940;8763;8578;8749.7;8763
5950;8763;8533;8739.933333333332;8763
5960;8763;8713;8761.1;8763
5970;8763;8620;8754.0;8763
5980;8763;8727;8761.8;8763
5990;8763;8656;8759.433333333332;8763
6000;8763;8646;8747.633333333333;8763
6010;8763;8650;8751.233333333334;8763
6020;8764;8754;8763.666666666666;8764
6030;8764;8673;8759.733333333334;8764
6040;8765;8664;8758.9;8765
6050;8765;8680;8756.733333333334;8765
6060;8765;8681;8759.433333333332;8765
6070;8784;8628;8753.8;8779
6080;8784;8491;8744.566666666668;8784
6090;8784;8656;8763.566666666668;8784
6100;8784;8556;8764.6;8784
6110;8790;8752;8782.0;8784
6120;8790;8652;8780.3;8790
6130;8790;8703;8782.833333333334;8790
6140;8793;8705;8789.966666666667;8793
6150;8793;8624;8779.5;8793
6160;8793;8637;8776.333333333334;8793
6170;8793;8614;8777.5;8793
6180;8793;8656;8784.5;8793
6190;8793;8658;8781.266666666666;8793
6200;8793;8652;8781.3;8793
6210;8793;8716;8789.066666666668;8793
6220;8793;8702;8783.166666666666;8793
6230;8795;8656;8779.6;8795
6240;8804;8667;8788.6;8804
6250;8804;8714;8793.733333333334;8804
6260;8811;8240;8672.3;8811
6270;8811;8394;8766.033333333333;8811
6280;8811;8580;8785.366666666667;8811
6290;8811;8372;8760.066666666668;8811
6300;8811;8623;8777.133333333333;8811
6310;8811;8352;8762.333333333334;8811
6320;8811;8472;8748.366666666667;8811
6330;8811;8518;8766.466666666667;8811
6340;8811;8714;8796.8;8811
6350;8811;8688;8802.066666666668;8811
6360;8811;8665;8801.366666666667;8811
6370;8811;8680;8800.366666666667;8811
6380;8812;8683;8800.4;8812
6390;8812;8702;8800.4;8812
6400;8812;8640;8794.966666666667;8812
6410;8812;8419;8737.5;8812
6420;8812;8498;8783.366666666667;8812
6430;8812;8616;8781.7;8812
6440;8812;8736;8807.566666666668;8812
6450;8812;8768;8810.533333333333;8812
6460;8812;8566;8785.0;8812
6470;8815;8768;8808.833333333334;8815
6480;8817;8712;8810.033333333333;8817
6490;8826;8678;8804.233333333334;8826
6500;8826;8711;8803.466666666667;8826
6510;8826;8593;8771.366666666667;8826
6520;8826;8756;8823.366666666667;8826
6530;8843;8584;8797.466666666667;8843
6540;8847;8669;8826.266666666666;8847
6550;8847;8839;8846.533333333333;8847
6560;8847;8534;8789.7;8847
6570;8847;8762;8842.733333333334;8847
6580;8847;8385;8773.1;8847
6590;8847;8563;8804.8;8847
6600;8847;8499;8802.2;8847
6610;8847;8675;8822.633333333333;8847
6620;8847;8767;8832.733333333334;8847
6630;8847;8742;8829.033333333333;8847
6640;8849;8587;8836.533333333333;8849
6650;8849;8703;8838.066666666668;8849
6660;8849;8796;8845.3;8849
6670;8851;8693;8842.466666666667;8849
6680;8851;8769;8846.533333333333;8851
6690;8851;8775;8831.233333333334;8851
6700;8851;8651;8824.366666666667;8851
6710;8851;8692;8834.666666666666;8851
6720;8851;8654;8823.733333333334;8851
6730;8851;8814;8849.666666666666;8851
6740;8851;8663;8840.7;8851
6750;8852;8528;8826.133333333333;8852
6760;8852;8709;8840.8;8852
6770;8856;8828;8855.066666666668;8856
6780;8856;8807;8852.533333333333;8856
6790;8862;8799;8858.233333333334;8862
6800;8865;8820;8862.833333333334;8865
6810;8865;8796;8862.1;8865
6820;8865;8718;8857.133333333333;8865
6830;8865;8743;8860.566666666668;8865
6840;8865;8782;8862.233333333334;8865
6850;8865;8672;8858.566666666668;8865
6860;8865;8734;8853.066666666668;8865
6870;8865;8680;8849.866666666667;8865
6880;8865;8679;8846.6;8865
6890;8865;8747;8856.0;8865
6900;8867;8701;8852.2;8867
6910;8867;8801;8862.733333333334;8867
6920;8867;8811;8864.833333333334;8867
6930;8867;8713;8858.3;8867
6940;8867;8664;8858.266666666666;8867
6950;8867;8795;8863.3;8867
6960;8867;8588;8836.433333333332;8867
6970;8867;8637;8851.3;8867
6980;8867;8706;8852.666666666666;8867
6990;8870;8622;8838.0;8870
7000;8870;8790;8859.566666666668;8870
7010;8870;8814;8863.866666666667;8870
7020;8870;8741;8854.633333333333;8870
7030;8870;8809;8867.366666666667;8870
7040;8870;8803;8865.433333333332;8870
7050;8870;8860;8869.333333333334;8870
7060;8870;8738;8862.8;8870
7070;8870;8657;8844.0;8870
7080;8871;8747;8864.6;8871
7090;8871;8709;8863.9;8871
7100;8871;8663;8845.9;8871
7110;8871;8796;8856.933333333332;8871
7120;8871;8704;8846.466666666667;8871
7130;8872;8719;8848.8;8872
7140;8872;8766;8862.333333333334;8872
7150;8872;8793;8861.733333333334;8872
7160;8872;8786;8865.5;8872
7170;8872;8809;8868.2;8872
7180;8872;8725;8862.766666666666;8872
7190;8875;8762;8865.633333333333;8875
7200;8879;8694;8868.2;8879
7210;8879;8764;8865.4;8879
7220;8879;8793;8868.1;8879
7230;8880;8796;8873.4;8880
7240;8880;8723;8863.866666666667;8880
7250;8880;8667;8868.2;8880
7260;8880;8698;8848.366666666667;8880
7270;8880;8745;8870.9;8880
7280;8880;8662;8861.233333333334;8880
7290;8880;8659;8857.9;8880
7300;8880;8707;8862.166666666666;8880
7310;8881;8760;8872.333333333334;8881
7320;8883;8532;8836.866666666667;8883
7330;8883;8728;8869.166666666666;8883
7340;8883;8566;8833.733333333334;8883
7350;8883;8531;8856.4;8883
7360;8883;8710;8871.133333333333;8883
7370;8883;8556;8852.4;8883
7380;8883;8707;8872.833333333334;8883
7390;8883;8752;8863.966666666667;8883
7400;8883;8825;8881.066666666668;8883
7410;8883;8774;8879.233333333334;8883
7420;8884;8803;8874.166666666666;8884
7430;8884;8692;8851.066666666668;8884
7440;8884;8724;8874.733333333334;8884
7450;8884;8687;8860.1;8884
7460;8884;8472;8836.133333333333;8884
7470;8884;8483;8842.566666666668;8884
7480;8884;8612;8849.1;8884
7490;8884;8342;8828.366666666667;8884
7500;8884;8533;8828.733333333334;8884
7510;8884;8646;8838.9;8884
7520;8884;8460;8841.5;8884
7530;8884;8601;8858.9;8884
7540;8884;8737;8864.966666666667;8884
7550;8884;8744;8865.6;8884
7560;8884;8638;8862.133333333333;8884
7570;8884;8780;8880.466666666667;8884
7580;8886;8761;8881.833333333334;8886
7590;8886;8865;8884.033333333333;8886
7600;8886;8795;8881.0;8886
7610;8887;8812;8879.333333333334;8887
7620;8890;8694;8877.5;8890
7630;8890;8736;8878.166666666666;8890
7640;8890;8818;8883.466666666667;8890
7650;8890;8806;8883.466666666667;8890
7660;8890;8792;8878.466666666667;8890
7670;8890;8749;8878.1;8890
7680;8890;8766;8874.533333333333;8890
7690;8890;8793;8882.9;8890
7700;8890;8677;8870.9;8890
7710;8890;8634;8857.433333333332;8890
7720;8890;8650;8870.7;8890
7730;8891;8867;8888.533333333333;8891
7740;8891;8432;8824.3;8891
7750;8891;8682;8876.8;8891
7760;8891;8747;8861.833333333334;8891
7770;8891;8637;8870.7;8891
7780;8891;8729;8869.233333333334;8891
7790;8891;8794;8878.2;8891
7800;8891;8823;8886.433333333332;8891
7810;8891;8503;8849.266666666666;8891
7820;8891;8847;8888.033333333333;8891
7830;8891;8779;8886.966666666667;8891
7840;8891;8803;8877.366666666667;8891
7850;8891;8800;8881.733333333334;8891
7860;8891;8787;8879.833333333334;8891
7870;8891;8808;8884.1;8891
7880;8891;8772;8879.533333333333;8891
7890;8892;8768;8884.133333333333;8892
7900;8892;8800;8887.266666666666;8892
7910;8892;8711;8877.366666666667;8892
7920;8892;8713;8877.9;8892
7930;8892;8714;8875.833333333334;8892
7940;8892;8778;8883.966666666667;8892
7950;8892;8764;8876.8;8892
7960;8892;8847;8889.033333333333;8892
7970;8892;8821;8886.666666666666;8892
7980;8892;8752;8884.2;8892
7990;8892;8786;8886.133333333333;8892
8000;8892;8776;8883.5;8892
8010;8892;8539;8841.1;8892
8020;8892;8665;8843.233333333334;8892
8030;8893;8751;8881.933333333332;8893
8040;8897;8752;8889.9;8897
8050;8897;8897;8897.0;8897
8060;8897;8828;8894.466666666667;8897
8070;8897;8821;8894.166666666666;8897
8080;8897;8792;8881.6;8897
8090;8897;8788;8889.733333333334;8897
8100;8897;8805;8888.433333333332;8897
8110;8897;8780;8889.1;8897
8120;8897;8743;8875.633333333333;8897
8130;8897;8856;8893.266666666666;8897
8140;8897;8784;8888.2;8897
8150;8897;8809;8888.333333333334;8897
8160;8897;8791;8887.733333333334;8897
8170;8897;8707;8872.866666666667;8897
8180;8897;8852;8892.7;8897
8190;8897;8841;8894.066666666668;8897
8200;8897;8715;8887.9;8897
8210;8897;8772;8883.866666666667;8897
8220;8897;8749;8892.066666666668;8897
8230;8897;8818;8889.5;8897
8240;8897;8758;8888.466666666667;8897
8250;8897;8740;8877.533333333333;8897
8260;8898;8714;8880.9;8897
8270;8898;8762;8888.433333333332;8898
8280;8898;8784;8883.066666666668;8898
8290;8898;8780;8890.966666666667;8898
8300;8905;8760;8895.9;8905
8310;8905;8755;8898.0;8905
8320;8905;8846;8901.4;8905
8330;8905;8835;8898.766666666666;8905
8340;8905;8824;8900.433333333332;8905
8350;8905;8845;8900.733333333334;8905
8360;8905;8827;8902.3;8905
8370;8905;8758;8896.533333333333;8905
8380;8905;8865;8902.9;8905
8390;8905;8821;8900.733333333334;8905
8400;8905;8802;8895.966666666667;8905
8410;8905;8700;8887.2;8905
8420;8905;8820;8894.633333333333;8905
8430;8906;8781;8895.566666666668;8905
8440;8906;8863;8904.566666666668;8906
8450;8906;8732;8888.366666666667;8906
8460;8916;8695;8891.066666666668;8916
8470;8916;8764;8898.6;8916
8480;8916;8808;8903.9;8916
8490;8916;8749;8894.266666666666;8916
8500;8916;8662;8893.266666666666;8916
8510;8916;8873;8914.466666666667;8916
8520;8916;8833;8912.833333333334;8916
8530;8916;8771;8906.433333333332;8916
8540;8916;8718;8902.233333333334;8916
8550;8916;8853;8912.533333333333;8916
8560;8916;8828;8908.066666666668;8916
8570;8916;8864;8914.266666666666;8916
8580;8916;8862;8913.666666666666;8916
8590;8916;8812;8907.0;8916
8600;8923;8583;8879.966666666667;8923
8610;8923;8796;8909.766666666666;8923
8620;8926;8801;8916.166666666666;8926
8630;8926;8890;8924.8;8926
8640;8926;8791;8918.133333333333;8926
8650;8926;8914;8925.266666666666;8926
8660;8926;8790;8908.566666666668;8926
8670;8926;8814;8922.266666666666;8926
8680;8926;8824;8918.866666666667;8926
8690;8926;8824;8922.6;8926
8700;8926;8831;8921.5;8926
8710;8926;8840;8923.133333333333;8926
8720;8926;8779;8918.8;8926
8730;8930;8784;8919.933333333332;8930
8740;8930;8784;8913.433333333332;8930
8750;8930;8807;8921.933333333332;8930
8760;8931;8866;8927.733333333334;8931
8770;8931;8842;8921.233333333334;8931
8780;8931;8866;8925.566666666668;8931
8790;8931;8759;8909.7;8931
8800;8931;8887;8928.2;8931
8810;8931;8866;8927.233333333334;8931
8820;8931;8847;8919.6;8931
8830;8931;8753;8918.166666666666;8931
8840;8931;8831;8923.2;8931
8850;8931;8887;8926.8;8931
8860;8931;8697;8904.333333333334;8931
8870;8931;8703;8902.7;8931
8880;8931;8441;8873.6;8931
8890;8931;8719;8920.333333333334;8931
8900;8931;8816;8919.6;8931
8910;8931;8805;8903.133333333333;8931
8920;8931;8784;8908.733333333334;8931
8930;8931;8357;8875.633333333333;8931
8940;8931;8709;8885.7;8931
8950;8931;8612;8888.433333333332;8931
8960;8931;8294;8855.633333333333;8931
8970;8931;8391;8860.866666666667;8931
8980;8931;8168;8863.433333333332;8931
8990;8931;8765;8886.933333333332;8931
9000;8931;8583;8898.966666666667;8931
9010;8931;8812;8917.066666666668;8931
9020;8931;8748;8916.833333333334;8931
9030;8931;8726;8904.866666666667;8931
9040;8931;8859;8918.9;8931
9050;8931;8818;8922.8;8931
9060;8931;8561;8869.433333333332;8931
9070;8931;8732;8886.533333333333;8931
9080;8938;8887;8934.5;8938
9090;8938;8856;8925.066666666668;8938
9100;8938;8825;8929.5;8938
9110;8941;8851;8935.6;8941
9120;8942;8836;8930.466666666667;8942
9130;8942;8780;8935.066666666668;8942
9140;8942;8798;8933.133333333333;8942
9150;8943;8775;8932.4;8943
9160;8943;8873;8940.5;8943
9170;8943;8859;8937.866666666667;8943
9180;8945;8881;8941.033333333333;8945
9190;8952;8847;8944.033333333333;8952
9200;8953;8856;8949.566666666668;8953
9210;8953;8953;8953.0;8953
9220;8953;8820;8942.466666666667;8953
9230;8953;8912;8950.3;8953
9240;8954;8784;8943.933333333332;8953
9250;8954;8831;8948.6;8954
9260;8954;8879;8947.933333333332;8954
9270;8954;8797;8948.0;8954
9280;8954;8781;8930.833333333334;8954
9290;8954;8782;8935.133333333333;8954
9300;8954;8828;8945.1;8954
9310;8954;8792;8939.966666666667;8954
9320;8954;8741;8929.033333333333;8954
9330;8954;8840;8946.0;8954
9340;8954;8923;8952.633333333333;8954
9350;8954;8903;8951.2;8954
9360;8954;8891;8949.833333333334;8954
9370;8954;8814;8947.266666666666;8954
9380;8955;8916;8953.2;8955
9390;8955;8860;8950.166666666666;8955
9400;8955;8843;8942.266666666666;8955
9410;8955;8853;8948.433333333332;8955
9420;8956;8895;8953.433333333332;8956
9430;8956;8833;8951.9;8956
9440;8956;8843;8945.766666666666;8956
9450;8956;8833;8949.633333333333;8956
9460;8956;8857;8950.333333333334;8956
9470;8961;8827;8939.7;8961
9480;8961;8823;8950.666666666666;8961
9490;8962;8878;8957.4;8962
9500;8962;8769;8945.366666666667;8962
9510;8962;8824;8953.933333333332;8962
9520;8962;8882;8957.766666666666;8962
9530;8962;8848;8946.066666666668;8962
9540;8962;8755;8944.666666666666;8962
9550;8962;8834;8951.1;8962
9560;8962;8860;8955.933333333332;8962
9570;8962;8835;8949.8;8962
9580;8962;8947;8961.5;8962
9590;8962;8800;8952.866666666667;8962
9600;8962;8845;8957.6;8962
9610;8962;8927;8957.6;8962
9620;8962;8917;8960.4;8962
9630;8962;8883;8954.066666666668;8962
9640;8962;8839;8945.566666666668;8962
9650;8964;8882;8950.666666666666;8964
9660;8964;8862;8953.433333333332;8964
9670;8964;8928;8959.866666666667;8964
9680;8964;8964;8964.0;8964
9690;8964;8850;8956.966666666667;8964
9700;8964;8910;8959.9;8964
9710;8964;8946;8962.733333333334;8964
9720;8964;8869;8958.633333333333;8964
9730;8964;8811;8950.0;8964
9740;8964;8845;8956.033333333333;8964
9750;8964;8747;8925.4;8964
9760;8964;8806;8930.633333333333;8964
9770;8964;8861;8955.966666666667;8964
9780;8964;8854;8957.233333333334;8964
9790;8971;8868;8960.166666666666;8971
9800;8971;8817;8954.2;8971
9810;8971;8761;8960.266666666666;8971
9820;8971;8771;8953.433333333332;8971
9830;8971;8873;8961.5;8971
9840;8971;8860;8963.566666666668;8971
9850;8971;8952;8970.366666666667;8971
9860;8971;8920;8966.333333333334;8971
9870;8971;8865;8951.533333333333;8971
9880;8971;8771;8939.233333333334;8971
9890;8971;8788;8945.233333333334;8971
9900;8971;8819;8959.466666666667;8971
9910;8971;8768;8959.966666666667;8971
9920;8971;8815;8956.133333333333;8971
9930;8971;8481;8932.333333333334;8971
9940;8971;8745;8948.266666666666;8971
9950;8973;8779;8949.066666666668;8973
9960;8973;8827;8957.466666666667;8973
9970;8973;8887;8965.533333333333;8973
9980;8974;8814;8962.933333333332;8974
9990;8974;8864;8957.233333333334;8974
10000;8974;8902;8964.5;8974
10010;8975;8917;8969.033333333333;8975
10020;8975;8841;8961.933333333332;8975
10030;8975;8811;8964.533333333333;8975
10040;8975;8975;8975.0;8975
10050;8975;8884;8963.7;8975
10060;8975;8824;8965.866666666667;8975
10070;8975;8918;8970.966666666667;8975
10080;8975;8927;8970.266666666666;8975
10090;8975;8844;8961.5;8975
10100;8975;8865;8958.033333333333;8975
10110;8976;8784;8964.6;8976
10120;8976;8844;8968.066666666668;8976
10130;8993;8975;8992.4;8993
10140;8993;8886;8984.0;8993
10150;8999;8858;8992.666666666666;8999
10160;9013;8918;9003.066666666668;9013
10170;9013;8960;9011.233333333334;9013
10180;9013;8893;8998.4;9013
10190;9013;8844;8983.166666666666;9013
10200;9013;8881;9005.6;9013
10210;9013;8955;9009.133333333333;9013
10220;9013;8900;9004.5;9013
10230;9013;8729;8988.633333333333;9013
10240;9016;8903;9006.566666666668;9016
10250;9016;8899;9007.4;9016
10260;9016;8888;9008.666666666666;9016
10270;9016;8977;9013.4;9016
10280;9016;8918;9004.0;9016
10290;9016;8921;9007.533333333333;9016
10300;9016;8866;9006.966666666667;9016
10310;9016;8832;9007.7;9016
10320;9016;8794;9007.966666666667;9016
10330;9016;9009;9015.766666666666;9016
10340;9016;8891;8995.066666666668;9016
10350;9016;8924;9009.866666666667;9016
10360;9016;8924;9007.6;9016
10370;9016;8895;9004.1;9016
10380;9020;8887;9004.5;9020
10390;9020;8898;9005.033333333333;9020
10400;9020;8922;9014.966666666667;9020
10410;9020;8965;9013.433333333332;9020
10420;9020;8897;9011.933333333332;9020
10430;9020;9020;9020.0;9020
10440;9020;9002;9019.4;9020
10450;9020;8934;9006.833333333334;9020
10460;9020;8950;9011.833333333334;9020
10470;9020;8973;9016.366666666667;9020
10480;9020;8868;8999.4;9020
10490;9020;8898;9012.333333333334;9020
10500;9020;8756;8976.133333333333;9020
10510;9020;8728;8983.566666666668;9020
10520;9021;8719;8990.166666666666;9021
10530;9022;8911;9011.1;9022
10540;9022;8969;9016.933333333332;9022
10550;9022;8943;9019.133333333333;9022
10560;9022;8761;8995.066666666668;9022
10570;9022;8912;9014.066666666668;9022
10580;9022;8916;9011.733333333334;9022
10590;9022;8897;9006.533333333333;9022
10600;9022;8931;9018.433333333332;9022
10610;9022;8918;9018.2;9022
10620;9022;8897;9000.5;9022
10630;9022;8972;9018.7;9022
10640;9022;8911;9007.733333333334;9022
10650;9023;8888;9002.6;9023
10660;9023;8922;9016.333333333334;9023
10670;9023;8873;9001.233333333334;9023
10680;9023;8773;8992.533333333333;9023
10690;9023;8780;9004.7;9023
10700;9023;8616;8969.366666666667;9023
10710;9024;8714;8983.9;9024
10720;9027;8931;9017.866666666667;9025
10730;9027;8922;9015.333333333334;9027
10740;9027;8977;9022.566666666668;9027
10750;9027;8867;9014.3;9027
10760;9027;8943;9022.8;9027
10770;9027;8870;9016.3;9027
10780;9027;8905;9016.633333333333;9027
10790;9027;8857;9006.5;9027
10800;9027;8756;8973.866666666667;9027
10810;9028;8930;9019.9;9028
10820;9028;8917;9023.533333333333;9028
10830;9028;8900;9020.866666666667;9028
10840;9028;8851;9020.733333333334;9028
10850;9028;8921;9023.033333333333;9028
10860;9028;8973;9025.8;9028
10870;9028;8857;9014.533333333333;9028
10880;9028;8966;9025.933333333332;9028
10890;9028;8925;9022.866666666667;9028
10900;9028;8929;9021.7;9028
10910;9028;8774;9006.866666666667;9028
10920;9028;8804;9001.9;9028
10930;9028;8864;9005.133333333333;9028
10940;9028;8925;9022.666666666666;9028
10950;9031;8886;9016.966666666667;9031
10960;9031;8847;9017.366666666667;9031
10970;9034;8974;9024.7;9034
10980;9034;8889;9018.233333333334;9034
10990;9034;8894;9009.6;9034
11000;9034;9017;9032.533333333333;9034
11010;9043;8929;9033.266666666666;9043
11020;9048;8955;9041.166666666666;9048
11030;9048;8917;9031.9;9048
11040;9048;8941;9042.4;9048
11050;9048;8968;9041.233333333334;9048
11060;9048;8976;9041.633333333333;9048
11070;9048;8969;9044.466666666667;9048
11080;9048;8875;9041.066666666668;9048
11090;9050;8919;9038.866666666667;9050
11100;9050;8801;9040.066666666668;9050
11110;9050;8927;9038.366666666667;9050
11120;9050;8951;9046.566666666668;9050
11130;9050;8909;9031.4;9050
11140;9050;9021;9049.033333333333;9050
11150;9050;8968;9044.233333333334;9050
11160;9050;8953;9042.133333333333;9050
11170;9050;8894;9035.666666666666;9050
11180;9050;8803;9009.166666666666;9050
11190;9050;8488;8983.866666666667;9050
11200;9050;8894;9025.133333333333;9050
11210;9050;8938;9046.266666666666;9050
11220;9050;9016;9047.066666666668;9050
11230;9053;8806;9028.666666666666;9053
11240;9053;8884;9047.366666666667;9053
11250;9053;8945;9046.066666666668;9053
11260;9055;8909;9044.133333333333;9055
11270;9055;8962;9047.933333333332;9055
11280;9055;8954;9045.666666666666;9055
11290;9055;8932;9039.0;9055
11300;9055;8894;9036.0;9055
11310;9055;8878;9038.033333333333;9055
11320;9055;8853;9038.766666666666;9055
11330;9055;8914;9034.466666666667;9055
11340;9055;8857;9029.633333333333;9055
11350;9055;8796;9019.233333333334;9055
11360;9055;8889;9023.066666666668;9055
11370;9055;8962;9048.9;9055
11380;9055;8918;9022.9;9055
11390;9056;8831;9042.266666666666;9055
11400;9056;8946;9046.6;9056
11410;9061;8879;9051.0;9061
11420;9061;8933;9040.866666666667;9061
11430;9061;8934;9030.766666666666;9061
11440;9061;8347;8995.4;9061
11450;9061;8900;9036.5;9061
11460;9061;8744;9032.733333333334;9061
11470;9061;8154;8915.233333333334;9061
11480;9063;8800;9046.433333333332;9063
11490;9063;8967;9051.466666666667;9063
11500;9063;9010;9059.533333333333;9063
11510;9063;8921;9046.933333333332;9063
11520;9063;8885;9042.433333333332;9063
11530;9063;8984;9055.833333333334;9063
11540;9063;8971;9052.933333333332;9063
11550;9063;8885;9036.366666666667;9063
11560;9063;8731;9003.966666666667;9063
11570;9063;8716;8980.833333333334;9063
11580;9063;8632;8979.433333333332;9063
11590;9063;8796;9027.066666666668;9063
11600;9063;8857;9050.433333333332;9063
11610;9063;8972;9046.6;9063
11620;9065;8936;9045.633333333333;9065
11630;9065;8819;9055.166666666666;9065
11640;9065;8966;9058.9;9065
11650;9065;8938;9039.166666666666;9065
11660;9065;8983;9057.2;9065
11670;9065;8992;9060.366666666667;9065
11680;9065;8948;9046.966666666667;9065
11690;9066;8908;9059.066666666668;9066
11700;9068;8870;9056.066666666668;9068
11710;9068;8965;9064.533333333333;9068
11720;9068;8967;9056.333333333334;9068
11730;9068;8935;9052.4;9068
11740;9068;8940;9061.2;9068
11750;9068;9012;9065.466666666667;9068
11760;9068;8929;9056.866666666667;9068
11770;9068;9021;9063.366666666667;9068
11780;9068;8960;9061.5;9068
11790;9068;8912;9043.0;9068
11800;9068;8678;9032.133333333333;9068
11810;9068;8811;9043.7;9068
11820;9068;8937;9050.5;9068
11830;9070;8988;9058.9;9068
11840;9070;8940;9062.033333333333;9070
11850;9074;8999;9069.066666666668;9074
11860;9074;9022;9071.633333333333;9074
11870;9074;9038;9071.8;9074
11880;9075;8911;9065.933333333332;9075
11890;9075;8975;9069.4;9075
11900;9076;9019;9074.1;9076
11910;9085;8860;9057.566666666668;9085
11920;9085;9057;9084.033333333333;9085
11930;9085;8943;9074.033333333333;9085
11940;9085;8875;9067.2;9085
11950;9085;8893;9071.366666666667;9085
11960;9085;9050;9083.133333333333;9085
11970;9085;9016;9082.466666666667;9085
11980;9085;8939;9080.133333333333;9085
11990;9085;8971;9077.433333333332;9085
12000;9086;9084;9085.866666666667;9086
12010;9086;9034;9084.266666666666;9086
12020;9086;8962;9075.733333333334;9086
12030;9086;9004;9075.966666666667;9086
12040;9086;8946;9075.333333333334;9086
12050;9088;8970;9071.766666666666;9088
12060;9088;8920;9076.866666666667;9088
12070;9089;9006;9082.8;9089
12080;9089;9019;9078.3;9089
12090;9089;8891;9068.0;9089
12100;9089;8923;9074.066666666668;9089
12110;9089;8891;9070.1;9089
12120;9093;8904;9061.066666666668;9093
12130;9093;8923;9070.1;9093
12140;9093;8788;9047.1;9093
12150;9093;8732;9023.233333333334;9093
12160;9093;8638;9000.833333333334;9093
12170;9096;8362;9045.2;9093
12180;9096;8886;9058.166666666666;9096
12190;9096;9013;9084.633333333333;9096
12200;9096;8715;9028.9;9096
12210;9097;8718;9053.633333333333;9097
12220;9097;8951;9083.3;9097
12230;9097;9004;9090.7;9097
12240;9098;8925;9077.566666666668;9097
12250;9098;9004;9085.433333333332;9098
12260;9117;9117;9117.0;9117
12270;9117;9022;9111.0;9117
12280;9117;8735;9090.9;9117
12290;9117;9010;9110.4;9117
12300;9117;9000;9107.866666666667;9117
12310;9117;8982;9109.066666666668;9117
12320;9117;9108;9116.633333333333;9117
12330;9117;8967;9091.366666666667;9117
12340;9117;8933;9100.633333333333;9117
12350;9117;9024;9110.666666666666;9117
12360;9117;8915;9101.766666666666;9117
12370;9117;8927;9101.466666666667;9117
12380;9117;8952;9107.0;9117
12390;9117;9000;9098.5;9117
12400;9118;8886;9076.166666666666;9117
12410;9118;8972;9097.6;9118
12420;9118;9036;9105.733333333334;9118
12430;9118;9018;9110.166666666666;9118
12440;9118;8942;9103.3;9118
12450;9118;9056;9115.0;9118
12460;9118;8872;9106.1;9118
12470;9119;8998;9113.166666666666;9119
12480;9119;8998;9107.333333333334;9119
12490;9119;9029;9108.366666666667;9119
12500;9119;8927;9103.433333333332;9119
12510;9119;8900;9095.466666666667;9119
12520;9119;9003;9103.5;9119
12530;9119;8928;9106.066666666668;9119
12540;9119;8832;9079.666666666666;9119
12550;9119;9045;9110.633333333333;9119
12560;9119;8953;9106.333333333334;9119
12570;9122;9108;9121.533333333333;9122
12580;9123;9027;9115.133333333333;9123
12590;9123;8949;9111.8;9123
12600;9123;9070;9120.333333333334;9123
12610;9123;8929;9091.566666666668;9123
12620;9123;9000;9110.6;9123
12630;9123;9123;9123.0;9123
12640;9123;8940;9106.466666666667;9123
12650;9123;8989;9110.0;9123
12660;9123;9074;9116.466666666667;9123
12670;9123;9058;9118.9;9123
12680;9129;8940;9111.133333333333;9129
12690;9129;8971;9110.833333333334;9129
12700;9132;9058;9128.933333333332;9132
12710;9132;9031;9110.5;9132
12720;9132;8957;9111.633333333333;9132
12730;9132;8893;9115.466666666667;9132
12740;9132;9083;9126.366666666667;9132
12750;9132;9025;9121.833333333334;9132
12760;9135;9087;9126.933333333332;9135
12770;9135;8900;9120.966666666667;9135
12780;9135;8977;9115.133333333333;9135
12790;9135;9033;9118.566666666668;9135
12800;9135;8976;9129.433333333332;9135
12810;9135;8967;9119.933333333332;9135
12820;9138;8952;9126.066666666668;9138
12830;9138;8955;9124.7;9138
12840;9138;9062;9133.666666666666;9138
12850;9138;9002;9131.5;9138
12860;9138;8600;9094.333333333334;9138
12870;9138;8852;9112.633333333333;9138
12880;9138;8984;9117.533333333333;9138
12890;9138;9019;9127.733333333334;9138
12900;9138;9109;9136.9;9138
12910;9138;8943;9109.633333333333;9138
12920;9138;8891;9087.933333333332;9138
12930;9138;8878;9098.5;9138
12940;9139;8809;9112.466666666667;9139
12950;9140;9047;9133.933333333332;9140
12960;9140;8984;9125.166666666666;9140
12970;9140;9086;9135.333333333334;9140
12980;9140;9070;9136.2;9140
12990;9140;9054;9135.266666666666;9140
13000;9140;8954;9110.466666666667;9140
