Generation;Generation max fitness;Global max fitness
10;84301;84308
20;84416;84415
30;84544;84544
40;84601;84598
50;84679;84679
60;84736;84733
70;84769;84764
80;84867;84867
90;84900;84895
100;84987;84977
110;85013;85013
120;85082;85082
130;85159;85148
140;85267;85249
150;85352;85350
160;85437;85437
170;85527;85496
180;85589;85589
190;85625;85624
200;85731;85729
210;85794;85787
220;85838;85831
230;85864;85864
240;85952;85951
250;86009;85989
260;86032;86032
270;86037;86036
280;86095;86095
290;86164;86152
300;86201;86201
310;86250;86249
320;86304;86299
330;86378;86373
340;86413;86413
350;86455;86454
360;86508;86503
370;86545;86542
380;86578;86577
390;86631;86621
400;86643;86643
410;86676;86676
420;86708;86705
430;86754;86743
440;86762;86762
450;86783;86783
460;86820;86807
470;86863;86863
480;86878;86878
490;86913;86911
500;86926;86926
510;86987;86986
520;87025;87024
530;87034;87031
540;87056;87056
550;87109;87105
560;87136;87126
570;87168;87168
580;87198;87198
590;87224;87215
600;87271;87269
610;87292;87291
620;87314;87313
630;87327;87320
640;87366;87359
650;87422;87421
660;87440;87440
670;87474;87473
680;87480;87480
690;87489;87488
700;87511;87510
710;87517;87517
720;87536;87536
730;87554;87554
740;87600;87598
750;87608;87608
760;87636;87636
770;87639;87636
780;87650;87650
790;87681;87681
800;87692;87691
810;87734;87734
820;87748;87748
830;87769;87762
840;87794;87793
850;87807;87807
860;87833;87833
870;87840;87840
880;87858;87858
890;87863;87863
900;87866;87866
910;87870;87870
920;87875;87870
930;87887;87887
940;87896;87896
950;87919;87919
960;87926;87926
970;87930;87930
980;87933;87933
990;87938;87938
1000;87964;87963
1010;87974;87973
1020;88000;88000
1030;88037;88037
1040;88068;88064
1050;88078;88074
1060;88111;88099
1070;88128;88125
1080;88145;88141
1090;88148;88148
1100;88167;88167
1110;88197;88195
1120;88215;88215
1130;88231;88231
1140;88253;88249
1150;88263;88262
1160;88286;88286
1170;88295;88295
1180;88331;88325
1190;88358;88356
1200;88360;88360
1210;88360;88360
1220;88371;88371
1230;88378;88378
1240;88385;88383
1250;88385;88385
1260;88417;88417
1270;88439;88438
1280;88446;88446
1290;88453;88453
1300;88474;88474
1310;88483;88480
1320;88511;88507
1330;88516;88515
1340;88526;88526
1350;88537;88536
1360;88553;88553
1370;88558;88557
1380;88568;88568
1390;88583;88583
1400;88597;88597
1410;88614;88614
1420;88645;88642
1430;88654;88654
1440;88672;88672
1450;88689;88689
1460;88708;88708
1470;88720;88720
1480;88757;88756
1490;88764;88764
1500;88783;88779
1510;88793;88793
1520;88799;88795
1530;88801;88801
1540;88812;88811
1550;88817;88817
1560;88828;88828
1570;88834;88834
1580;88841;88841
1590;88856;88856
1600;88862;88862
1610;88869;88869
1620;88877;88877
1630;88896;88884
1640;88901;88901
1650;88912;88911
1660;88925;88924
1670;88943;88943
1680;88948;88948
1690;88954;88954
1700;88966;88964
1710;88974;88974
1720;88985;88985
1730;88997;88997
1740;89007;89005
1750;89010;89010
1760;89015;89015
1770;89029;89028
1780;89033;89033
1790;89049;89049
1800;89058;89058
1810;89071;89069
1820;89074;89074
1830;89097;89096
1840;89099;89099
1850;89102;89102
1860;89118;89118
1870;89123;89123
1880;89128;89128
1890;89145;89135
1900;89155;89155
1910;89180;89180
1920;89199;89199
1930;89205;89205
1940;89219;89213
1950;89221;89221
1960;89229;89225
1970;89231;89231
1980;89233;89233
1990;89244;89244
2000;89250;89250
2010;89259;89259
2020;89270;89270
2030;89281;89281
2040;89292;89291
2050;89296;89295
2060;89304;89303
2070;89305;89305
2080;89319;89319
2090;89320;89320
2100;89333;89332
2110;89347;89346
2120;89368;89367
2130;89372;89371
2140;89376;89376
2150;89386;89386
2160;89387;89387
2170;89393;89393
2180;89395;89395
2190;89401;89398
2200;89411;89408
2210;89418;89416
2220;89424;89424
2230;89426;89425
2240;89434;89434
2250;89438;89438
2260;89447;89446
2270;89452;89452
2280;89471;89471
2290;89481;89481
2300;89487;89487
2310;89500;89500
2320;89508;89508
2330;89514;89514
2340;89517;89516
2350;89523;89520
2360;89533;89533
2370;89533;89533
2380;89534;89533
2390;89538;89538
2400;89547;89547
2410;89556;89556
2420;89562;89561
2430;89564;89563
2440;89564;89564
2450;89581;89581
2460;89592;89591
2470;89593;89593
2480;89598;89598
2490;89600;89600
2500;89602;89602
2510;89610;89610
2520;89611;89611
2530;89635;89634
2540;89639;89639
2550;89641;89641
2560;89644;89644
2570;89650;89648
2580;89650;89650
2590;89653;89652
2600;89667;89666
2610;89682;89682
2620;89686;89686
2630;89690;89690
2640;89695;89694
2650;89697;89697
2660;89698;89698
2670;89705;89705
2680;89723;89723
2690;89730;89730
2700;89731;89731
2710;89734;89731
2720;89738;89737
2730;89740;89740
2740;89749;89749
2750;89752;89752
2760;89756;89756
2770;89764;89764
2780;89770;89770
2790;89778;89777
2800;89791;89791
2810;89795;89795
2820;89810;89810
2830;89810;89810
2840;89817;89817
2850;89817;89817
2860;89824;89824
2870;89824;89824
2880;89824;89824
2890;89831;89830
2900;89847;89835
2910;89860;89852
2920;89860;89860
2930;89869;89869
2940;89870;89869
2950;89888;89888
2960;89901;89901
2970;89909;89909
2980;89916;89916
2990;89929;89929
3000;89929;89929
3010;89930;89929
3020;89933;89931
3030;89934;89934
3040;89940;89940
3050;89942;89942
3060;89949;89949
3070;89955;89950
3080;89960;89960
3090;89962;89962
3100;89967;89964
3110;89979;89976
3120;89982;89982
3130;89984;89984
3140;89997;89997
3150;90000;89999
3160;90007;90007
3170;90013;90012
3180;90024;90023
3190;90025;90025
3200;90028;90028
3210;90033;90033
3220;90040;90037
3230;90044;90043
3240;90050;90050
3250;90050;90050
3260;90058;90056
3270;90067;90065
3280;90068;90068
3290;90070;90070
3300;90086;90086
3310;90089;90089
3320;90092;90092
3330;90098;90098
3340;90103;90103
3350;90103;90103
3360;90105;90105
3370;90107;90107
3380;90116;90116
3390;90118;90118
3400;90124;90124
3410;90126;90126
3420;90129;90129
3430;90131;90131
3440;90135;90135
3450;90141;90141
3460;90151;90151
3470;90154;90154
3480;90161;90159
3490;90163;90163
3500;90166;90165
3510;90171;90171
3520;90178;90177
3530;90186;90186
3540;90186;90186
3550;90190;90190
3560;90198;90198
3570;90201;90201
3580;90213;90213
3590;90223;90220
3600;90227;90224
3610;90238;90238
3620;90241;90239
3630;90243;90243
3640;90243;90243
3650;90252;90252
3660;90255;90255
3670;90261;90260
3680;90273;90273
3690;90279;90279
3700;90294;90294
3710;90294;90294
3720;90308;90308
3730;90314;90314
3740;90314;90314
3750;90319;90319
3760;90319;90319
3770;90321;90320
3780;90324;90324
3790;90339;90339
3800;90339;90339
3810;90349;90349
3820;90351;90350
3830;90367;90359
3840;90373;90373
3850;90375;90375
3860;90380;90380
3870;90388;90388
3880;90392;90392
3890;90396;90396
3900;90405;90404
3910;90408;90408
3920;90415;90415
3930;90416;90416
3940;90417;90417
3950;90417;90417
3960;90418;90418
3970;90421;90421
3980;90421;90421
3990;90423;90423
4000;90425;90425
4010;90426;90426
4020;90436;90432
4030;90443;90440
4040;90449;90449
4050;90453;90453
4060;90468;90456
4070;90473;90473
4080;90475;90475
4090;90481;90481
4100;90490;90490
4110;90490;90490
4120;90492;90492
4130;90496;90496
4140;90498;90498
4150;90499;90499
4160;90502;90502
4170;90510;90510
4180;90518;90518
4190;90522;90522
4200;90527;90527
4210;90533;90533
4220;90550;90548
4230;90553;90553
4240;90560;90560
4250;90562;90562
4260;90576;90574
4270;90581;90581
4280;90585;90585
4290;90586;90586
4300;90588;90588
4310;90604;90602
4320;90608;90608
4330;90610;90610
4340;90614;90613
4350;90616;90616
4360;90616;90616
4370;90617;90617
4380;90626;90625
4390;90628;90628
4400;90632;90632
4410;90633;90632
4420;90637;90637
4430;90639;90639
4440;90639;90639
4450;90655;90655
4460;90657;90656
4470;90664;90664
4480;90686;90686
4490;90687;90686
4500;90696;90696
4510;90697;90697
4520;90698;90698
4530;90702;90702
4540;90707;90707
4550;90707;90707
4560;90707;90707
4570;90710;90710
4580;90714;90713
4590;90721;90715
4600;90729;90722
4610;90733;90733
4620;90735;90735
4630;90738;90738
4640;90743;90743
4650;90743;90743
4660;90749;90748
4670;90750;90750
4680;90751;90751
4690;90755;90752
4700;90758;90758
4710;90761;90761
4720;90761;90761
4730;90761;90761
4740;90762;90762
4750;90768;90768
4760;90769;90769
4770;90780;90780
4780;90783;90780
4790;90791;90791
4800;90794;90794
4810;90795;90794
4820;90795;90795
4830;90807;90807
4840;90811;90810
4850;90811;90811
4860;90824;90824
4870;90824;90824
4880;90828;90828
4890;90829;90829
4900;90830;90830
4910;90834;90834
4920;90845;90845
4930;90846;90845
4940;90847;90847
4950;90857;90855
4960;90858;90858
4970;90860;90860
4980;90861;90860
4990;90863;90861
5000;90865;90864
5010;90865;90865
5020;90867;90867
5030;90867;90867
5040;90869;90869
5050;90869;90869
5060;90872;90871
5070;90878;90878
5080;90879;90879
5090;90889;90889
5100;90891;90891
5110;90894;90894
5120;90895;90895
5130;90895;90895
5140;90896;90896
5150;90898;90897
5160;90898;90898
5170;90899;90899
5180;90901;90901
5190;90904;90904
5200;90909;90909
5210;90909;90909
5220;90912;90912
5230;90917;90917
5240;90918;90918
5250;90929;90929
5260;90930;90930
5270;90933;90933
5280;90935;90935
5290;90936;90935
5300;90943;90943
5310;90943;90943
5320;90955;90955
5330;90962;90960
5340;90969;90969
5350;90969;90969
5360;90969;90969
5370;90975;90975
5380;90977;90977
5390;90987;90987
5400;90988;90988
5410;90990;90990
5420;90990;90990
5430;90992;90992
5440;90995;90994
5450;90999;90999
5460;90999;90999
5470;91003;91001
5480;91003;91003
5490;91007;91007
5500;91017;91017
5510;91019;91019
5520;91022;91022
5530;91023;91023
5540;91031;91031
5550;91044;91044
5560;91047;91047
5570;91052;91052
5580;91053;91053
5590;91059;91059
5600;91064;91064
5610;91072;91065
5620;91076;91076
5630;91077;91077
5640;91081;91081
5650;91089;91089
5660;91093;91093
5670;91100;91100
5680;91101;91101
5690;91104;91104
5700;91104;91104
5710;91109;91105
5720;91109;91109
5730;91118;91118
5740;91120;91120
5750;91120;91120
5760;91121;91121
5770;91124;91124
5780;91124;91124
5790;91133;91133
5800;91133;91133
5810;91135;91134
5820;91136;91136
5830;91144;91144
5840;91147;91147
5850;91155;91155
5860;91161;91161
5870;91163;91163
5880;91171;91170
5890;91191;91191
5900;91191;91191
5910;91193;91193
5920;91193;91193
5930;91206;91206
5940;91217;91217
5950;91219;91219
5960;91220;91220
5970;91221;91221
5980;91223;91223
5990;91225;91225
6000;91227;91227
6010;91232;91232
6020;91239;91235
6030;91251;91250
6040;91257;91257
6050;91259;91259
6060;91259;91259
6070;91264;91264
6080;91264;91264
6090;91269;91268
6100;91272;91271
6110;91272;91272
6120;91274;91274
6130;91281;91281
6140;91282;91281
6150;91286;91286
6160;91286;91286
6170;91294;91294
6180;91301;91301
6190;91301;91301
6200;91303;91303
6210;91307;91307
6220;91309;91309
6230;91313;91313
6240;91316;91316
6250;91320;91319
6260;91321;91321
6270;91321;91321
6280;91325;91325
6290;91327;91327
6300;91333;91333
6310;91336;91336
6320;91340;91340
6330;91342;91342
6340;91342;91342
6350;91349;91349
6360;91360;91357
6370;91370;91370
6380;91370;91370
6390;91376;91376
6400;91376;91376
6410;91377;91377
6420;91383;91383
6430;91384;91384
6440;91386;91386
6450;91387;91387
6460;91388;91388
6470;91405;91405
6480;91408;91408
6490;91413;91411
6500;91420;91420
6510;91423;91422
6520;91430;91428
6530;91452;91451
6540;91453;91453
6550;91453;91453
6560;91456;91456
6570;91460;91460
6580;91460;91460
6590;91460;91460
6600;91460;91460
6610;91461;91461
6620;91463;91463
6630;91468;91466
6640;91469;91468
6650;91469;91469
6660;91469;91469
6670;91470;91470
6680;91479;91479
6690;91481;91481
6700;91484;91484
6710;91486;91486
6720;91487;91487
6730;91487;91487
6740;91495;91495
6750;91505;91505
6760;91511;91511
6770;91515;91515
6780;91515;91515
6790;91521;91519
6800;91533;91532
6810;91539;91535
6820;91540;91540
6830;91546;91546
6840;91552;91550
6850;91556;91556
6860;91556;91556
6870;91556;91556
6880;91561;91561
6890;91561;91561
6900;91561;91561
6910;91584;91584
6920;91585;91585
6930;91591;91591
6940;91595;91595
6950;91595;91595
6960;91598;91598
6970;91601;91601
6980;91607;91607
6990;91609;91609
7000;91611;91610
7010;91612;91612
7020;91612;91612
7030;91615;91615
7040;91616;91616
7050;91619;91619
7060;91620;91620
7070;91625;91625
7080;91625;91625
7090;91628;91627
7100;91634;91633
7110;91640;91640
7120;91641;91640
7130;91641;91641
7140;91648;91648
7150;91650;91650
7160;91652;91652
7170;91654;91654
7180;91654;91654
7190;91655;91654
7200;91661;91661
7210;91662;91662
7220;91664;91664
7230;91665;91664
7240;91668;91668
7250;91672;91672
7260;91680;91680
7270;91689;91689
7280;91698;91696
7290;91700;91700
7300;91702;91702
7310;91708;91703
7320;91710;91710
7330;91720;91720
7340;91721;91721
7350;91721;91721
7360;91723;91722
7370;91724;91724
7380;91725;91725
7390;91728;91725
7400;91728;91728
7410;91729;91729
7420;91731;91731
7430;91731;91731
7440;91737;91737
7450;91737;91737
7460;91742;91742
7470;91751;91751
7480;91755;91755
7490;91755;91755
7500;91755;91755
7510;91757;91757
7520;91757;91757
7530;91759;91759
7540;91761;91761
7550;91761;91761
7560;91764;91764
7570;91764;91764
7580;91769;91769
7590;91771;91771
7600;91771;91771
7610;91773;91773
7620;91780;91773
7630;91784;91784
7640;91786;91786
7650;91786;91786
7660;91787;91787
7670;91787;91787
7680;91791;91790
7690;91793;91791
7700;91795;91795
7710;91795;91795
7720;91801;91801
7730;91801;91801
7740;91807;91804
7750;91810;91809
7760;91811;91811
7770;91812;91812
7780;91812;91812
7790;91812;91812
7800;91812;91812
7810;91812;91812
7820;91815;91815
7830;91815;91815
7840;91815;91815
7850;91819;91819
7860;91819;91819
7870;91820;91820
7880;91820;91820
7890;91821;91821
7900;91824;91824
7910;91824;91824
7920;91826;91826
7930;91827;91827
7940;91827;91827
7950;91832;91832
7960;91833;91833
7970;91838;91838
7980;91838;91838
7990;91842;91842
8000;91844;91844
8010;91844;91844
8020;91845;91845
8030;91846;91846
8040;91847;91847
8050;91847;91847
8060;91847;91847
8070;91848;91848
8080;91849;91848
8090;91851;91851
8100;91851;91851
8110;91852;91852
8120;91856;91856
8130;91858;91857
8140;91861;91861
8150;91862;91862
8160;91865;91865
8170;91865;91865
8180;91867;91866
8190;91868;91868
8200;91868;91868
8210;91868;91868
8220;91868;91868
8230;91868;91868
8240;91875;91875
8250;91875;91875
8260;91878;91878
8270;91884;91884
8280;91895;91895
8290;91898;91898
8300;91898;91898
8310;91899;91899
8320;91900;91900
8330;91908;91908
8340;91910;91910
8350;91910;91910
8360;91916;91916
8370;91916;91916
8380;91922;91922
8390;91923;91923
8400;91925;91925
8410;91930;91930
8420;91934;91934
8430;91936;91936
8440;91938;91938
8450;91946;91946
8460;91947;91947
8470;91949;91949
8480;91952;91952
8490;91954;91954
8500;91958;91958
8510;91967;91967
8520;91971;91971
8530;91971;91971
8540;91976;91975
8550;91977;91977
8560;91978;91978
8570;91978;91978
8580;91980;91978
8590;91985;91985
8600;91989;91989
8610;91989;91989
8620;91990;91990
8630;91992;91992
8640;91993;91993
8650;92002;92002
8660;92002;92002
8670;92003;92003
8680;92004;92004
8690;92004;92004
8700;92009;92009
8710;92009;92009
8720;92011;92011
8730;92011;92011
8740;92016;92016
8750;92019;92019
8760;92019;92019
8770;92019;92019
8780;92020;92020
8790;92020;92020
8800;92022;92022
8810;92023;92023
8820;92025;92025
8830;92027;92027
8840;92031;92031
8850;92035;92035
8860;92036;92036
8870;92036;92036
8880;92037;92037
8890;92039;92039
8900;92039;92039
8910;92041;92040
8920;92043;92043
8930;92045;92045
8940;92048;92046
8950;92051;92051
8960;92053;92052
8970;92053;92053
8980;92057;92057
8990;92058;92058
9000;92061;92061
9010;92063;92063
9020;92063;92063
9030;92075;92075
9040;92075;92075
9050;92079;92075
9060;92079;92079
9070;92079;92079
9080;92080;92080
9090;92080;92080
9100;92087;92087
9110;92092;92092
9120;92098;92098
9130;92098;92098
9140;92103;92103
9150;92104;92104
9160;92104;92104
9170;92104;92104
9180;92108;92108
9190;92108;92108
9200;92110;92110
9210;92113;92113
9220;92114;92114
9230;92115;92115
9240;92121;92121
9250;92123;92123
9260;92123;92123
9270;92127;92127
9280;92127;92127
9290;92133;92133
9300;92134;92134
9310;92136;92136
9320;92139;92137
9330;92149;92149
